
> @ampol/design-system@1.7.0 build
> storybook build --output-dir C:\Users\rdpol\AppData\Local\Temp\chromatic--42104-06iSvBpUJ64t

@storybook/cli v8.0.1

info => Cleaning outputDir: ..\..\..\AppData\Local\Temp\chromatic--42104-06iSvBpUJ64t
info => Loading presets
WARN The "@storybook/addon-mdx-gfm" addon is meant as a migration assistant for Storybook 8.0; and will likely be removed in a future version.
WARN It's recommended you read this document:
WARN https://storybook.js.org/docs/react/writing-docs/mdx#lack-of-github-flavored-markdown-gfm
WARN 
WARN Once you've made the necessary changes, you can remove the addon from your package.json and storybook config.
info => Building manager..
info => Manager built (610 ms)
info => Building preview..
info => Copying static files: assets at ..\..\..\AppData\Local\Temp\chromatic--42104-06iSvBpUJ64t
info Using tsconfig paths for react-docgen
WARN Found 'rollup-plugin-turbosnap' which is now included by default in Storybook 8.
WARN Removing from your plugins list. Ensure you pass `--stats-json` to generate stats.
WARN 
WARN For more information, see https://github.com/storybookjs/storybook/blob/next/MIGRATION.md#turbosnap-vite-plugin-is-no-longer-needed
[36mvite v4.1.4 [32mbuilding for production...[36m[39m
transforming...
[32m✓[39m 3532 modules transformed.
info => Copying static files: src\images at ..\..\..\AppData\Local\Temp\chromatic--42104-06iSvBpUJ64t
rendering chunks...
computing gzip size...
[2m../../../AppData/Local/Temp/chromatic--42104-06iSvBpUJ64t/[22m[2massets/[22m[32mcheckbox-selected-5230de9e.svg          [39m[1m[2m  0.19 kB[22m[1m[22m
[2m../../../AppData/Local/Temp/chromatic--42104-06iSvBpUJ64t/[22m[2massets/[22m[32micon-minus-0666a2f2.svg                 [39m[1m[2m  0.21 kB[22m[1m[22m
[2m../../../AppData/Local/Temp/chromatic--42104-06iSvBpUJ64t/[22m[2massets/[22m[32micon-chevron-right-52a39979.svg         [39m[1m[2m  0.21 kB[22m[1m[22m
[2m../../../AppData/Local/Temp/chromatic--42104-06iSvBpUJ64t/[22m[2massets/[22m[32micon-chevron-bottom-2def99ed.svg        [39m[1m[2m  0.21 kB[22m[1m[22m
[2m../../../AppData/Local/Temp/chromatic--42104-06iSvBpUJ64t/[22m[2massets/[22m[32micon-tick-94501d44.svg                  [39m[1m[2m  0.21 kB[22m[1m[22m
[2m../../../AppData/Local/Temp/chromatic--42104-06iSvBpUJ64t/[22m[2massets/[22m[32micon-plus-a3d9398e.svg                  [39m[1m[2m  0.24 kB[22m[1m[22m
[2m../../../AppData/Local/Temp/chromatic--42104-06iSvBpUJ64t/[22m[2massets/[22m[32micon-play-52c97afe.svg                  [39m[1m[2m  0.25 kB[22m[1m[22m
[2m../../../AppData/Local/Temp/chromatic--42104-06iSvBpUJ64t/[22m[2massets/[22m[32micon-close-d5a8288b.svg                 [39m[1m[2m  0.26 kB[22m[1m[22m
[2m../../../AppData/Local/Temp/chromatic--42104-06iSvBpUJ64t/[22m[2massets/[22m[32mchevron-down-5d3c8c0c.svg               [39m[1m[2m  0.27 kB[22m[1m[22m
[2m../../../AppData/Local/Temp/chromatic--42104-06iSvBpUJ64t/[22m[2massets/[22m[32micon-alert-white-a482dcd8.svg           [39m[1m[2m  0.39 kB[22m[1m[22m
[2m../../../AppData/Local/Temp/chromatic--42104-06iSvBpUJ64t/[22m[2massets/[22m[32micon-search-4b17481a.svg                [39m[1m[2m  0.81 kB[22m[1m[22m
[2m../../../AppData/Local/Temp/chromatic--42104-06iSvBpUJ64t/[22m[2massets/[22m[32micon-close-white-430994cf.svg           [39m[1m[2m  0.96 kB[22m[1m[22m
[2m../../../AppData/Local/Temp/chromatic--42104-06iSvBpUJ64t/[22m[32miframe.html                                    [39m[1m[2m 13.15 kB[22m[1m[22m
[2m../../../AppData/Local/Temp/chromatic--42104-06iSvBpUJ64t/[22m[2massets/[22m[32mMarkOT-Regular-07a28142.woff2           [39m[1m[2m 32.70 kB[22m[1m[22m
[2m../../../AppData/Local/Temp/chromatic--42104-06iSvBpUJ64t/[22m[2massets/[22m[32mMarkOT-Bold-474994fd.woff2              [39m[1m[2m 33.47 kB[22m[1m[22m
[2m../../../AppData/Local/Temp/chromatic--42104-06iSvBpUJ64t/[22m[2massets/[22m[35mCard-c1087d16.css                       [39m[1m[2m  0.13 kB[22m[1m[22m[2m │ gzip:   0.13 kB[22m
[2m../../../AppData/Local/Temp/chromatic--42104-06iSvBpUJ64t/[22m[2massets/[22m[35mTextArea-648d70aa.css                   [39m[1m[2m  0.25 kB[22m[1m[22m[2m │ gzip:   0.18 kB[22m
[2m../../../AppData/Local/Temp/chromatic--42104-06iSvBpUJ64t/[22m[2massets/[22m[35mAnchor.stories-6d04a530.css             [39m[1m[2m  0.25 kB[22m[1m[22m[2m │ gzip:   0.13 kB[22m
[2m../../../AppData/Local/Temp/chromatic--42104-06iSvBpUJ64t/[22m[2massets/[22m[35mTypography-0ebd30db.css                 [39m[1m[2m  0.28 kB[22m[1m[22m[2m │ gzip:   0.18 kB[22m
[2m../../../AppData/Local/Temp/chromatic--42104-06iSvBpUJ64t/[22m[2massets/[22m[35mToggleIcon-8a64c137.css                 [39m[1m[2m  0.32 kB[22m[1m[22m[2m │ gzip:   0.20 kB[22m
[2m../../../AppData/Local/Temp/chromatic--42104-06iSvBpUJ64t/[22m[2massets/[22m[35mAlert-713df700.css                      [39m[1m[2m  0.44 kB[22m[1m[22m[2m │ gzip:   0.28 kB[22m
[2m../../../AppData/Local/Temp/chromatic--42104-06iSvBpUJ64t/[22m[2massets/[22m[35mPlaceholder-eed67403.css                [39m[1m[2m  0.51 kB[22m[1m[22m[2m │ gzip:   0.28 kB[22m
[2m../../../AppData/Local/Temp/chromatic--42104-06iSvBpUJ64t/[22m[2massets/[22m[35mStickyBottomBar-1311f3df.css            [39m[1m[2m  0.53 kB[22m[1m[22m[2m │ gzip:   0.31 kB[22m
[2m../../../AppData/Local/Temp/chromatic--42104-06iSvBpUJ64t/[22m[2massets/[22m[35mBreadcrumbs-b320468f.css                [39m[1m[2m  0.54 kB[22m[1m[22m[2m │ gzip:   0.25 kB[22m
[2m../../../AppData/Local/Temp/chromatic--42104-06iSvBpUJ64t/[22m[2massets/[22m[35mScroll-a94bc8d4.css                     [39m[1m[2m  0.57 kB[22m[1m[22m[2m │ gzip:   0.23 kB[22m
[2m../../../AppData/Local/Temp/chromatic--42104-06iSvBpUJ64t/[22m[2massets/[22m[35mAlertBar.stories-b7eca549.css           [39m[1m[2m  0.79 kB[22m[1m[22m[2m │ gzip:   0.37 kB[22m
[2m../../../AppData/Local/Temp/chromatic--42104-06iSvBpUJ64t/[22m[2massets/[22m[35mCarouselBlock.stories-a92f0ce4.css      [39m[1m[2m  0.91 kB[22m[1m[22m[2m │ gzip:   0.39 kB[22m
[2m../../../AppData/Local/Temp/chromatic--42104-06iSvBpUJ64t/[22m[2massets/[22m[35mCardIcon.stories-5a7dbe21.css           [39m[1m[2m  0.99 kB[22m[1m[22m[2m │ gzip:   0.41 kB[22m
[2m../../../AppData/Local/Temp/chromatic--42104-06iSvBpUJ64t/[22m[2massets/[22m[35mLoading-0f4ae9bb.css                    [39m[1m[2m  1.08 kB[22m[1m[22m[2m │ gzip:   0.40 kB[22m
[2m../../../AppData/Local/Temp/chromatic--42104-06iSvBpUJ64t/[22m[2massets/[22m[35mToast-841f22c7.css                      [39m[1m[2m  1.09 kB[22m[1m[22m[2m │ gzip:   0.44 kB[22m
[2m../../../AppData/Local/Temp/chromatic--42104-06iSvBpUJ64t/[22m[2massets/[22m[35mTypeAhead-ee5bb6b1.css                  [39m[1m[2m  1.14 kB[22m[1m[22m[2m │ gzip:   0.44 kB[22m
[2m../../../AppData/Local/Temp/chromatic--42104-06iSvBpUJ64t/[22m[2massets/[22m[35mSubheading.stories-18c9d215.css         [39m[1m[2m  1.63 kB[22m[1m[22m[2m │ gzip:   0.46 kB[22m
[2m../../../AppData/Local/Temp/chromatic--42104-06iSvBpUJ64t/[22m[2massets/[22m[35mSpacer.stories-6fc21ad8.css             [39m[1m[2m  1.65 kB[22m[1m[22m[2m │ gzip:   0.28 kB[22m
[2m../../../AppData/Local/Temp/chromatic--42104-06iSvBpUJ64t/[22m[2massets/[22m[35mVideo.stories-9a81d7ae.css              [39m[1m[2m  1.79 kB[22m[1m[22m[2m │ gzip:   0.52 kB[22m
[2m../../../AppData/Local/Temp/chromatic--42104-06iSvBpUJ64t/[22m[2massets/[22m[35mInput-d01e2d91.css                      [39m[1m[2m  1.89 kB[22m[1m[22m[2m │ gzip:   0.58 kB[22m
[2m../../../AppData/Local/Temp/chromatic--42104-06iSvBpUJ64t/[22m[2massets/[22m[35mNavigation.stories-af7e795e.css         [39m[1m[2m  2.06 kB[22m[1m[22m[2m │ gzip:   0.61 kB[22m
[2m../../../AppData/Local/Temp/chromatic--42104-06iSvBpUJ64t/[22m[2massets/[22m[35mCheckbox-b60820f8.css                   [39m[1m[2m  2.15 kB[22m[1m[22m[2m │ gzip:   0.49 kB[22m
[2m../../../AppData/Local/Temp/chromatic--42104-06iSvBpUJ64t/[22m[2massets/[22m[35mAccordionBlock.stories-315f04ea.css     [39m[1m[2m  2.30 kB[22m[1m[22m[2m │ gzip:   0.44 kB[22m
[2m../../../AppData/Local/Temp/chromatic--42104-06iSvBpUJ64t/[22m[2massets/[22m[35mProofPoint.stories-ceb2e0ef.css         [39m[1m[2m  2.41 kB[22m[1m[22m[2m │ gzip:   0.64 kB[22m
[2m../../../AppData/Local/Temp/chromatic--42104-06iSvBpUJ64t/[22m[2massets/[22m[35mReadonlyField-65f95127.css              [39m[1m[2m  2.48 kB[22m[1m[22m[2m │ gzip:   0.85 kB[22m
[2m../../../AppData/Local/Temp/chromatic--42104-06iSvBpUJ64t/[22m[2massets/[22m[35mProgressBar.stories-151fb4ec.css        [39m[1m[2m  2.63 kB[22m[1m[22m[2m │ gzip:   0.74 kB[22m
[2m../../../AppData/Local/Temp/chromatic--42104-06iSvBpUJ64t/[22m[2massets/[22m[35mCallToAction.stories-dfff30a1.css       [39m[1m[2m  2.70 kB[22m[1m[22m[2m │ gzip:   0.68 kB[22m
[2m../../../AppData/Local/Temp/chromatic--42104-06iSvBpUJ64t/[22m[2massets/[22m[35mToggle-203d1c45.css                     [39m[1m[2m  3.04 kB[22m[1m[22m[2m │ gzip:   0.60 kB[22m
[2m../../../AppData/Local/Temp/chromatic--42104-06iSvBpUJ64t/[22m[2massets/[22m[35mDropdown-5f710a00.css                   [39m[1m[2m  3.22 kB[22m[1m[22m[2m │ gzip:   0.88 kB[22m
[2m../../../AppData/Local/Temp/chromatic--42104-06iSvBpUJ64t/[22m[2massets/[22m[35mPromoMobileApp.stories-90537b4b.css     [39m[1m[2m  3.43 kB[22m[1m[22m[2m │ gzip:   0.80 kB[22m
[2m../../../AppData/Local/Temp/chromatic--42104-06iSvBpUJ64t/[22m[2massets/[22m[35mAccordion-889a00b9.css                  [39m[1m[2m  3.55 kB[22m[1m[22m[2m │ gzip:   0.91 kB[22m
[2m../../../AppData/Local/Temp/chromatic--42104-06iSvBpUJ64t/[22m[2massets/[22m[35mCarousel-3b63315c.css                   [39m[1m[2m  4.43 kB[22m[1m[22m[2m │ gzip:   1.19 kB[22m
[2m../../../AppData/Local/Temp/chromatic--42104-06iSvBpUJ64t/[22m[2massets/[22m[35mModal.stories-131c114f.css              [39m[1m[2m  4.96 kB[22m[1m[22m[2m │ gzip:   1.18 kB[22m
[2m../../../AppData/Local/Temp/chromatic--42104-06iSvBpUJ64t/[22m[2massets/[22m[35mButton-5bad686d.css                     [39m[1m[2m  5.34 kB[22m[1m[22m[2m │ gzip:   0.93 kB[22m
[2m../../../AppData/Local/Temp/chromatic--42104-06iSvBpUJ64t/[22m[2massets/[22m[35mImageFeature.stories-096d56b8.css       [39m[1m[2m  5.70 kB[22m[1m[22m[2m │ gzip:   0.91 kB[22m
[2m../../../AppData/Local/Temp/chromatic--42104-06iSvBpUJ64t/[22m[2massets/[22m[35mRadio-949aab86.css                      [39m[1m[2m  5.87 kB[22m[1m[22m[2m │ gzip:   1.14 kB[22m
[2m../../../AppData/Local/Temp/chromatic--42104-06iSvBpUJ64t/[22m[2massets/[22m[35mRichtext.stories-224c8581.css           [39m[1m[2m  6.22 kB[22m[1m[22m[2m │ gzip:   1.17 kB[22m
[2m../../../AppData/Local/Temp/chromatic--42104-06iSvBpUJ64t/[22m[2massets/[22m[35mFeatureTiles.stories-90a8636d.css       [39m[1m[2m  6.27 kB[22m[1m[22m[2m │ gzip:   0.91 kB[22m
[2m../../../AppData/Local/Temp/chromatic--42104-06iSvBpUJ64t/[22m[2massets/[22m[35mHero.stories-e197dc5e.css               [39m[1m[2m  8.06 kB[22m[1m[22m[2m │ gzip:   1.51 kB[22m
[2m../../../AppData/Local/Temp/chromatic--42104-06iSvBpUJ64t/[22m[2massets/[22m[35mpreview-ffaa4278.css                    [39m[1m[2m  8.59 kB[22m[1m[22m[2m │ gzip:   2.46 kB[22m
[2m../../../AppData/Local/Temp/chromatic--42104-06iSvBpUJ64t/[22m[2massets/[22m[35mDataTable.stories-9eeb69dd.css          [39m[1m[2m  9.77 kB[22m[1m[22m[2m │ gzip:   2.03 kB[22m
[2m../../../AppData/Local/Temp/chromatic--42104-06iSvBpUJ64t/[22m[2massets/[22m[35mForm-079fa7dd.css                       [39m[1m[2m 10.61 kB[22m[1m[22m[2m │ gzip:   2.36 kB[22m
[2m../../../AppData/Local/Temp/chromatic--42104-06iSvBpUJ64t/[22m[2massets/[22m[35mStack-f1d890e7.css                      [39m[1m[2m 15.51 kB[22m[1m[22m[2m │ gzip:   1.04 kB[22m
[2m../../../AppData/Local/Temp/chromatic--42104-06iSvBpUJ64t/[22m[2massets/[22m[36mpreview-73c648b3.js                     [39m[1m[2m  0.07 kB[22m[1m[22m[2m │ gzip:   0.08 kB[22m
[2m../../../AppData/Local/Temp/chromatic--42104-06iSvBpUJ64t/[22m[2massets/[22m[36micon-chevron-right-53dd9a35.js          [39m[1m[2m  0.09 kB[22m[1m[22m[2m │ gzip:   0.11 kB[22m
[2m../../../AppData/Local/Temp/chromatic--42104-06iSvBpUJ64t/[22m[2massets/[22m[36mreact-16-638a428c.js                    [39m[1m[2m  0.16 kB[22m[1m[22m[2m │ gzip:   0.16 kB[22m
[2m../../../AppData/Local/Temp/chromatic--42104-06iSvBpUJ64t/[22m[2massets/[22m[36mindex-5235fb6c.js                       [39m[1m[2m  0.16 kB[22m[1m[22m[2m │ gzip:   0.15 kB[22m
[2m../../../AppData/Local/Temp/chromatic--42104-06iSvBpUJ64t/[22m[2massets/[22m[36m_commonjs-dynamic-modules-302442b1.js   [39m[1m[2m  0.24 kB[22m[1m[22m[2m │ gzip:   0.19 kB[22m
[2m../../../AppData/Local/Temp/chromatic--42104-06iSvBpUJ64t/[22m[2massets/[22m[36mclsx.m-1229b3e0.js                      [39m[1m[2m  0.36 kB[22m[1m[22m[2m │ gzip:   0.23 kB[22m
[2m../../../AppData/Local/Temp/chromatic--42104-06iSvBpUJ64t/[22m[2massets/[22m[36mindex-abe470cf.js                       [39m[1m[2m  0.39 kB[22m[1m[22m[2m │ gzip:   0.26 kB[22m
[2m../../../AppData/Local/Temp/chromatic--42104-06iSvBpUJ64t/[22m[2massets/[22m[36mhelpers-adad7fb8.js                     [39m[1m[2m  0.48 kB[22m[1m[22m[2m │ gzip:   0.36 kB[22m
[2m../../../AppData/Local/Temp/chromatic--42104-06iSvBpUJ64t/[22m[2massets/[22m[36mWithTooltip-Y7J54OF7-5d198f13.js        [39m[1m[2m  0.49 kB[22m[1m[22m[2m │ gzip:   0.27 kB[22m
[2m../../../AppData/Local/Temp/chromatic--42104-06iSvBpUJ64t/[22m[2massets/[22m[36msyntaxhighlighter-JOJW2KGS-7913bd75.js  [39m[1m[2m  0.53 kB[22m[1m[22m[2m │ gzip:   0.31 kB[22m
[2m../../../AppData/Local/Temp/chromatic--42104-06iSvBpUJ64t/[22m[2massets/[22m[36mCard-656246ee.js                        [39m[1m[2m  0.59 kB[22m[1m[22m[2m │ gzip:   0.35 kB[22m
[2m../../../AppData/Local/Temp/chromatic--42104-06iSvBpUJ64t/[22m[2massets/[22m[36mTextArea.stories-c3ec65a0.js            [39m[1m[2m  0.59 kB[22m[1m[22m[2m │ gzip:   0.38 kB[22m
[2m../../../AppData/Local/Temp/chromatic--42104-06iSvBpUJ64t/[22m[2massets/[22m[36mCheckbox.stories-7bd7e03d.js            [39m[1m[2m  0.61 kB[22m[1m[22m[2m │ gzip:   0.39 kB[22m
[2m../../../AppData/Local/Temp/chromatic--42104-06iSvBpUJ64t/[22m[2massets/[22m[36mIcon.stories-c49cd163.js                [39m[1m[2m  0.61 kB[22m[1m[22m[2m │ gzip:   0.39 kB[22m
[2m../../../AppData/Local/Temp/chromatic--42104-06iSvBpUJ64t/[22m[2massets/[22m[36mPlaceholder.stories-7c1aae9f.js         [39m[1m[2m  0.62 kB[22m[1m[22m[2m │ gzip:   0.39 kB[22m
[2m../../../AppData/Local/Temp/chromatic--42104-06iSvBpUJ64t/[22m[2massets/[22m[36mpreview-6d6935cf.js                     [39m[1m[2m  0.64 kB[22m[1m[22m[2m │ gzip:   0.45 kB[22m
[2m../../../AppData/Local/Temp/chromatic--42104-06iSvBpUJ64t/[22m[2massets/[22m[36mToggleIcon.stories-3d574327.js          [39m[1m[2m  0.70 kB[22m[1m[22m[2m │ gzip:   0.43 kB[22m
[2m../../../AppData/Local/Temp/chromatic--42104-06iSvBpUJ64t/[22m[2massets/[22m[36mTypography-576e922c.js                  [39m[1m[2m  0.70 kB[22m[1m[22m[2m │ gzip:   0.42 kB[22m
[2m../../../AppData/Local/Temp/chromatic--42104-06iSvBpUJ64t/[22m[2massets/[22m[36mPlaceholder-f581ffb5.js                 [39m[1m[2m  0.71 kB[22m[1m[22m[2m │ gzip:   0.40 kB[22m
[2m../../../AppData/Local/Temp/chromatic--42104-06iSvBpUJ64t/[22m[2massets/[22m[36m_commonjsHelpers-042e6b4d.js            [39m[1m[2m  0.73 kB[22m[1m[22m[2m │ gzip:   0.40 kB[22m
[2m../../../AppData/Local/Temp/chromatic--42104-06iSvBpUJ64t/[22m[2massets/[22m[36mindex-356e4a49.js                       [39m[1m[2m  0.77 kB[22m[1m[22m[2m │ gzip:   0.47 kB[22m
[2m../../../AppData/Local/Temp/chromatic--42104-06iSvBpUJ64t/[22m[2massets/[22m[36mBreadcrumbs.stories-dc78f03a.js         [39m[1m[2m  0.83 kB[22m[1m[22m[2m │ gzip:   0.48 kB[22m
[2m../../../AppData/Local/Temp/chromatic--42104-06iSvBpUJ64t/[22m[2massets/[22m[36mpreview-0ef86afd.js                     [39m[1m[2m  0.86 kB[22m[1m[22m[2m │ gzip:   0.55 kB[22m
[2m../../../AppData/Local/Temp/chromatic--42104-06iSvBpUJ64t/[22m[2massets/[22m[36mpreview-f3cb43b7.js                     [39m[1m[2m  0.88 kB[22m[1m[22m[2m │ gzip:   0.56 kB[22m
[2m../../../AppData/Local/Temp/chromatic--42104-06iSvBpUJ64t/[22m[2massets/[22m[36misNativeReflectConstruct-26aa4442.js    [39m[1m[2m  0.88 kB[22m[1m[22m[2m │ gzip:   0.44 kB[22m
[2m../../../AppData/Local/Temp/chromatic--42104-06iSvBpUJ64t/[22m[2massets/[22m[36mindex.esm-9975a755.js                   [39m[1m[2m  0.90 kB[22m[1m[22m[2m │ gzip:   0.49 kB[22m
[2m../../../AppData/Local/Temp/chromatic--42104-06iSvBpUJ64t/[22m[2massets/[22m[36mToggle.stories-4eb60a64.js              [39m[1m[2m  0.90 kB[22m[1m[22m[2m │ gzip:   0.45 kB[22m
[2m../../../AppData/Local/Temp/chromatic--42104-06iSvBpUJ64t/[22m[2massets/[22m[36mpreview-19a268f7.js                     [39m[1m[2m  0.91 kB[22m[1m[22m[2m │ gzip:   0.62 kB[22m
[2m../../../AppData/Local/Temp/chromatic--42104-06iSvBpUJ64t/[22m[2massets/[22m[36mIcon-71c14537.js                        [39m[1m[2m  1.01 kB[22m[1m[22m[2m │ gzip:   0.53 kB[22m
[2m../../../AppData/Local/Temp/chromatic--42104-06iSvBpUJ64t/[22m[2massets/[22m[36mjsx-runtime-9443d0a4.js                 [39m[1m[2m  1.03 kB[22m[1m[22m[2m │ gzip:   0.64 kB[22m
[2m../../../AppData/Local/Temp/chromatic--42104-06iSvBpUJ64t/[22m[2massets/[22m[36mAlert.stories-591901c6.js               [39m[1m[2m  1.08 kB[22m[1m[22m[2m │ gzip:   0.56 kB[22m
[2m../../../AppData/Local/Temp/chromatic--42104-06iSvBpUJ64t/[22m[2massets/[22m[36mScroll-dd33ea8d.js                      [39m[1m[2m  1.25 kB[22m[1m[22m[2m │ gzip:   0.64 kB[22m
[2m../../../AppData/Local/Temp/chromatic--42104-06iSvBpUJ64t/[22m[2massets/[22m[36mFileUpload.stories-bcd4023f.js          [39m[1m[2m  1.29 kB[22m[1m[22m[2m │ gzip:   0.71 kB[22m
[2m../../../AppData/Local/Temp/chromatic--42104-06iSvBpUJ64t/[22m[2massets/[22m[36mentry-preview-48b5f4fa.js               [39m[1m[2m  1.30 kB[22m[1m[22m[2m │ gzip:   0.75 kB[22m
[2m../../../AppData/Local/Temp/chromatic--42104-06iSvBpUJ64t/[22m[2massets/[22m[36mDateOfBirth.stories-718f06bc.js         [39m[1m[2m  1.31 kB[22m[1m[22m[2m │ gzip:   0.58 kB[22m
[2m../../../AppData/Local/Temp/chromatic--42104-06iSvBpUJ64t/[22m[2massets/[22m[36mScroll.stories-0fd48517.js              [39m[1m[2m  1.34 kB[22m[1m[22m[2m │ gzip:   0.75 kB[22m
[2m../../../AppData/Local/Temp/chromatic--42104-06iSvBpUJ64t/[22m[2massets/[22m[36mAlert-fe4a5669.js                       [39m[1m[2m  1.36 kB[22m[1m[22m[2m │ gzip:   0.70 kB[22m
[2m../../../AppData/Local/Temp/chromatic--42104-06iSvBpUJ64t/[22m[2massets/[22m[36mDocsRenderer-K4EAMTCU-fefba41d.js       [39m[1m[2m  1.38 kB[22m[1m[22m[2m │ gzip:   0.72 kB[22m
[2m../../../AppData/Local/Temp/chromatic--42104-06iSvBpUJ64t/[22m[2massets/[22m[36mToast.stories-6b506dbe.js               [39m[1m[2m  1.38 kB[22m[1m[22m[2m │ gzip:   0.72 kB[22m
[2m../../../AppData/Local/Temp/chromatic--42104-06iSvBpUJ64t/[22m[2massets/[22m[36mLoading-23bed462.js                     [39m[1m[2m  1.42 kB[22m[1m[22m[2m │ gzip:   0.67 kB[22m
[2m../../../AppData/Local/Temp/chromatic--42104-06iSvBpUJ64t/[22m[2massets/[22m[36mTypeAhead.stories-8f9f944b.js           [39m[1m[2m  1.48 kB[22m[1m[22m[2m │ gzip:   0.71 kB[22m
[2m../../../AppData/Local/Temp/chromatic--42104-06iSvBpUJ64t/[22m[2massets/[22m[36mAnchor.stories-97e94868.js              [39m[1m[2m  1.53 kB[22m[1m[22m[2m │ gzip:   0.83 kB[22m
[2m../../../AppData/Local/Temp/chromatic--42104-06iSvBpUJ64t/[22m[2massets/[22m[36mSpacer.stories-3f25d4cf.js              [39m[1m[2m  1.63 kB[22m[1m[22m[2m │ gzip:   0.83 kB[22m
[2m../../../AppData/Local/Temp/chromatic--42104-06iSvBpUJ64t/[22m[2massets/[22m[36mTypography.stories-59c6be46.js          [39m[1m[2m  1.63 kB[22m[1m[22m[2m │ gzip:   0.63 kB[22m
[2m../../../AppData/Local/Temp/chromatic--42104-06iSvBpUJ64t/[22m[2massets/[22m[36mDropdown.stories-360b5e5b.js            [39m[1m[2m  1.66 kB[22m[1m[22m[2m │ gzip:   0.66 kB[22m
[2m../../../AppData/Local/Temp/chromatic--42104-06iSvBpUJ64t/[22m[2massets/[22m[36mLoading.stories-0f185e55.js             [39m[1m[2m  1.68 kB[22m[1m[22m[2m │ gzip:   0.57 kB[22m
[2m../../../AppData/Local/Temp/chromatic--42104-06iSvBpUJ64t/[22m[2massets/[22m[36mReadonlyField-c7b9b32e.js               [39m[1m[2m  1.75 kB[22m[1m[22m[2m │ gzip:   0.70 kB[22m
[2m../../../AppData/Local/Temp/chromatic--42104-06iSvBpUJ64t/[22m[2massets/[22m[36mStack.stories-d258c670.js               [39m[1m[2m  2.06 kB[22m[1m[22m[2m │ gzip:   0.78 kB[22m
[2m../../../AppData/Local/Temp/chromatic--42104-06iSvBpUJ64t/[22m[2massets/[22m[36mStickyBottomBar-f2d6b8b6.js             [39m[1m[2m  2.11 kB[22m[1m[22m[2m │ gzip:   0.93 kB[22m
[2m../../../AppData/Local/Temp/chromatic--42104-06iSvBpUJ64t/[22m[2massets/[22m[36mBreadcrumbs-d796d540.js                 [39m[1m[2m  2.17 kB[22m[1m[22m[2m │ gzip:   0.95 kB[22m
[2m../../../AppData/Local/Temp/chromatic--42104-06iSvBpUJ64t/[22m[2massets/[22m[36mIntroduction-7887c67d.js                [39m[1m[2m  2.21 kB[22m[1m[22m[2m │ gzip:   0.97 kB[22m
[2m../../../AppData/Local/Temp/chromatic--42104-06iSvBpUJ64t/[22m[2massets/[22m[36mDatePicker.stories-36d1f7ae.js          [39m[1m[2m  2.23 kB[22m[1m[22m[2m │ gzip:   0.96 kB[22m
[2m../../../AppData/Local/Temp/chromatic--42104-06iSvBpUJ64t/[22m[2massets/[22m[36mToggle-fd502ebe.js                      [39m[1m[2m  2.27 kB[22m[1m[22m[2m │ gzip:   0.91 kB[22m
[2m../../../AppData/Local/Temp/chromatic--42104-06iSvBpUJ64t/[22m[2massets/[22m[36mCardIcon.stories-285968c5.js            [39m[1m[2m  2.38 kB[22m[1m[22m[2m │ gzip:   1.24 kB[22m
[2m../../../AppData/Local/Temp/chromatic--42104-06iSvBpUJ64t/[22m[2massets/[22m[36mInput.stories-95029092.js               [39m[1m[2m  2.43 kB[22m[1m[22m[2m │ gzip:   0.84 kB[22m
[2m../../../AppData/Local/Temp/chromatic--42104-06iSvBpUJ64t/[22m[2massets/[22m[36mTextArea-c393fefd.js                    [39m[1m[2m  2.47 kB[22m[1m[22m[2m │ gzip:   0.96 kB[22m
[2m../../../AppData/Local/Temp/chromatic--42104-06iSvBpUJ64t/[22m[2massets/[22m[36mButtons.stories-f9adfb34.js             [39m[1m[2m  2.51 kB[22m[1m[22m[2m │ gzip:   0.89 kB[22m
[2m../../../AppData/Local/Temp/chromatic--42104-06iSvBpUJ64t/[22m[2massets/[22m[36mCheckbox-2b56a873.js                    [39m[1m[2m  2.58 kB[22m[1m[22m[2m │ gzip:   0.94 kB[22m
[2m../../../AppData/Local/Temp/chromatic--42104-06iSvBpUJ64t/[22m[2massets/[22m[36mindex-d8983a70.js                       [39m[1m[2m  2.59 kB[22m[1m[22m[2m │ gzip:   1.26 kB[22m
[2m../../../AppData/Local/Temp/chromatic--42104-06iSvBpUJ64t/[22m[2massets/[22m[36mToggleIcon-4d04900f.js                  [39m[1m[2m  2.59 kB[22m[1m[22m[2m │ gzip:   1.41 kB[22m
[2m../../../AppData/Local/Temp/chromatic--42104-06iSvBpUJ64t/[22m[2massets/[22m[36mpreview-bf91146d.js                     [39m[1m[2m  2.64 kB[22m[1m[22m[2m │ gzip:   0.68 kB[22m
[2m../../../AppData/Local/Temp/chromatic--42104-06iSvBpUJ64t/[22m[2massets/[22m[36mAccordion-ea87333e.js                   [39m[1m[2m  2.87 kB[22m[1m[22m[2m │ gzip:   1.23 kB[22m
[2m../../../AppData/Local/Temp/chromatic--42104-06iSvBpUJ64t/[22m[2massets/[22m[36mTypography-aea300d1.js                  [39m[1m[2m  2.88 kB[22m[1m[22m[2m │ gzip:   1.17 kB[22m
[2m../../../AppData/Local/Temp/chromatic--42104-06iSvBpUJ64t/[22m[2massets/[22m[36mSticky.stories-e695b7cb.js              [39m[1m[2m  2.91 kB[22m[1m[22m[2m │ gzip:   0.85 kB[22m
[2m../../../AppData/Local/Temp/chromatic--42104-06iSvBpUJ64t/[22m[2massets/[22m[36mSubheading.stories-0a6ae808.js          [39m[1m[2m  3.07 kB[22m[1m[22m[2m │ gzip:   1.26 kB[22m
[2m../../../AppData/Local/Temp/chromatic--42104-06iSvBpUJ64t/[22m[2massets/[22m[36mCarousel.stories-0fcd0ee4.js            [39m[1m[2m  3.13 kB[22m[1m[22m[2m │ gzip:   1.12 kB[22m
[2m../../../AppData/Local/Temp/chromatic--42104-06iSvBpUJ64t/[22m[2massets/[22m[36mVideo.stories-e575225e.js               [39m[1m[2m  3.18 kB[22m[1m[22m[2m │ gzip:   1.42 kB[22m
[2m../../../AppData/Local/Temp/chromatic--42104-06iSvBpUJ64t/[22m[2massets/[22m[36mpreview-98b085a7.js                     [39m[1m[2m  3.19 kB[22m[1m[22m[2m │ gzip:   1.37 kB[22m
[2m../../../AppData/Local/Temp/chromatic--42104-06iSvBpUJ64t/[22m[2massets/[22m[36mCard.stories-9c8dd0cc.js                [39m[1m[2m  3.29 kB[22m[1m[22m[2m │ gzip:   1.14 kB[22m
[2m../../../AppData/Local/Temp/chromatic--42104-06iSvBpUJ64t/[22m[2massets/[22m[36mReadonlyInput.stories-c23a9b18.js       [39m[1m[2m  3.31 kB[22m[1m[22m[2m │ gzip:   1.03 kB[22m
[2m../../../AppData/Local/Temp/chromatic--42104-06iSvBpUJ64t/[22m[2massets/[22m[36mToast-85a6dd55.js                       [39m[1m[2m  3.32 kB[22m[1m[22m[2m │ gzip:   1.17 kB[22m
[2m../../../AppData/Local/Temp/chromatic--42104-06iSvBpUJ64t/[22m[2massets/[22m[36mAccordion.stories-151b3fe7.js           [39m[1m[2m  3.34 kB[22m[1m[22m[2m │ gzip:   0.88 kB[22m
[2m../../../AppData/Local/Temp/chromatic--42104-06iSvBpUJ64t/[22m[2massets/[22m[36mProgressBar.stories-9f7a029b.js         [39m[1m[2m  3.50 kB[22m[1m[22m[2m │ gzip:   1.27 kB[22m
[2m../../../AppData/Local/Temp/chromatic--42104-06iSvBpUJ64t/[22m[2massets/[22m[36mpreview-76c1789d.js                     [39m[1m[2m  3.52 kB[22m[1m[22m[2m │ gzip:   1.71 kB[22m
[2m../../../AppData/Local/Temp/chromatic--42104-06iSvBpUJ64t/[22m[2massets/[22m[36mAlertBar.stories-0ca2ef84.js            [39m[1m[2m  3.60 kB[22m[1m[22m[2m │ gzip:   1.68 kB[22m
[2m../../../AppData/Local/Temp/chromatic--42104-06iSvBpUJ64t/[22m[2massets/[22m[36mButton-cd03042d.js                      [39m[1m[2m  3.89 kB[22m[1m[22m[2m │ gzip:   1.44 kB[22m
[2m../../../AppData/Local/Temp/chromatic--42104-06iSvBpUJ64t/[22m[2massets/[22m[36mCarouselBlock.stories-09fe4eff.js       [39m[1m[2m  4.07 kB[22m[1m[22m[2m │ gzip:   1.68 kB[22m
[2m../../../AppData/Local/Temp/chromatic--42104-06iSvBpUJ64t/[22m[2massets/[22m[36mStack-14867163.js                       [39m[1m[2m  4.46 kB[22m[1m[22m[2m │ gzip:   1.59 kB[22m
[2m../../../AppData/Local/Temp/chromatic--42104-06iSvBpUJ64t/[22m[2massets/[22m[36mSticky-017247e6.js                      [39m[1m[2m  4.55 kB[22m[1m[22m[2m │ gzip:   1.59 kB[22m
[2m../../../AppData/Local/Temp/chromatic--42104-06iSvBpUJ64t/[22m[2massets/[22m[36mProofPoint.stories-62523b38.js          [39m[1m[2m  4.60 kB[22m[1m[22m[2m │ gzip:   1.54 kB[22m
[2m../../../AppData/Local/Temp/chromatic--42104-06iSvBpUJ64t/[22m[2massets/[22m[36mDropdown-9e6c57de.js                    [39m[1m[2m  4.70 kB[22m[1m[22m[2m │ gzip:   1.71 kB[22m
[2m../../../AppData/Local/Temp/chromatic--42104-06iSvBpUJ64t/[22m[2massets/[22m[36mInput-30dd9498.js                       [39m[1m[2m  5.87 kB[22m[1m[22m[2m │ gzip:   1.86 kB[22m
[2m../../../AppData/Local/Temp/chromatic--42104-06iSvBpUJ64t/[22m[2massets/[22m[36mimport-0ed41d64.js                      [39m[1m[2m  6.40 kB[22m[1m[22m[2m │ gzip:   2.59 kB[22m
[2m../../../AppData/Local/Temp/chromatic--42104-06iSvBpUJ64t/[22m[2massets/[22m[36mRadio-80edb70e.js                       [39m[1m[2m  6.96 kB[22m[1m[22m[2m │ gzip:   2.25 kB[22m
[2m../../../AppData/Local/Temp/chromatic--42104-06iSvBpUJ64t/[22m[2massets/[22m[36mCallToAction.stories-1c726328.js        [39m[1m[2m  7.14 kB[22m[1m[22m[2m │ gzip:   2.44 kB[22m
[2m../../../AppData/Local/Temp/chromatic--42104-06iSvBpUJ64t/[22m[2massets/[22m[36mRadioGroup.stories-3f6b6f7a.js          [39m[1m[2m  7.27 kB[22m[1m[22m[2m │ gzip:   1.63 kB[22m
[2m../../../AppData/Local/Temp/chromatic--42104-06iSvBpUJ64t/[22m[2massets/[22m[36mpreview-da31036b.js                     [39m[1m[2m  7.62 kB[22m[1m[22m[2m │ gzip:   1.56 kB[22m
[2m../../../AppData/Local/Temp/chromatic--42104-06iSvBpUJ64t/[22m[2massets/[22m[36mindex-ba39e096.js                       [39m[1m[2m  7.70 kB[22m[1m[22m[2m │ gzip:   3.26 kB[22m
[2m../../../AppData/Local/Temp/chromatic--42104-06iSvBpUJ64t/[22m[2massets/[22m[36mAccordionBlock.stories-f09470f8.js      [39m[1m[2m  7.91 kB[22m[1m[22m[2m │ gzip:   2.85 kB[22m
[2m../../../AppData/Local/Temp/chromatic--42104-06iSvBpUJ64t/[22m[2massets/[22m[36mpreview-c56bf6ac.js                     [39m[1m[2m  8.28 kB[22m[1m[22m[2m │ gzip:   3.16 kB[22m
[2m../../../AppData/Local/Temp/chromatic--42104-06iSvBpUJ64t/[22m[2massets/[22m[36mTypeAhead-9382e643.js                   [39m[1m[2m  8.53 kB[22m[1m[22m[2m │ gzip:   3.02 kB[22m
[2m../../../AppData/Local/Temp/chromatic--42104-06iSvBpUJ64t/[22m[2massets/[22m[36mStickyBottomBar.stories-ce9d39d4.js     [39m[1m[2m  9.29 kB[22m[1m[22m[2m │ gzip:   1.14 kB[22m
[2m../../../AppData/Local/Temp/chromatic--42104-06iSvBpUJ64t/[22m[2massets/[22m[36mImageFeature.stories-37eba9fd.js        [39m[1m[2m  9.56 kB[22m[1m[22m[2m │ gzip:   2.87 kB[22m
[2m../../../AppData/Local/Temp/chromatic--42104-06iSvBpUJ64t/[22m[2massets/[22m[36mNavigation.stories-46d741be.js          [39m[1m[2m  9.94 kB[22m[1m[22m[2m │ gzip:   5.73 kB[22m
[2m../../../AppData/Local/Temp/chromatic--42104-06iSvBpUJ64t/[22m[2massets/[22m[36mindex-471e698c.js                       [39m[1m[2m 10.22 kB[22m[1m[22m[2m │ gzip:   3.55 kB[22m
[2m../../../AppData/Local/Temp/chromatic--42104-06iSvBpUJ64t/[22m[2massets/[22m[36mFeatureTiles.stories-0493792e.js        [39m[1m[2m 10.54 kB[22m[1m[22m[2m │ gzip:   2.08 kB[22m
[2m../../../AppData/Local/Temp/chromatic--42104-06iSvBpUJ64t/[22m[2massets/[22m[36mDateOfBirth-0765e0b2.js                 [39m[1m[2m 11.53 kB[22m[1m[22m[2m │ gzip:   4.75 kB[22m
[2m../../../AppData/Local/Temp/chromatic--42104-06iSvBpUJ64t/[22m[2massets/[22m[36mDropdownSearch.stories-9730b611.js      [39m[1m[2m 12.84 kB[22m[1m[22m[2m │ gzip:   3.86 kB[22m
[2m../../../AppData/Local/Temp/chromatic--42104-06iSvBpUJ64t/[22m[2massets/[22m[36mAutocomplete.stories-ed1ba688.js        [39m[1m[2m 15.75 kB[22m[1m[22m[2m │ gzip:   3.46 kB[22m
[2m../../../AppData/Local/Temp/chromatic--42104-06iSvBpUJ64t/[22m[2massets/[22m[36mRichtext.stories-4e62798b.js            [39m[1m[2m 17.05 kB[22m[1m[22m[2m │ gzip:   4.78 kB[22m
[2m../../../AppData/Local/Temp/chromatic--42104-06iSvBpUJ64t/[22m[2massets/[22m[36mmapValues-34b480d5.js                   [39m[1m[2m 17.48 kB[22m[1m[22m[2m │ gzip:   7.18 kB[22m
[2m../../../AppData/Local/Temp/chromatic--42104-06iSvBpUJ64t/[22m[2massets/[22m[36mPromoMobileApp.stories-6c547e4e.js      [39m[1m[2m 19.51 kB[22m[1m[22m[2m │ gzip:   7.53 kB[22m
[2m../../../AppData/Local/Temp/chromatic--42104-06iSvBpUJ64t/[22m[2massets/[22m[36mLoadingOutlined-29780344.js             [39m[1m[2m 19.77 kB[22m[1m[22m[2m │ gzip:   7.85 kB[22m
[2m../../../AppData/Local/Temp/chromatic--42104-06iSvBpUJ64t/[22m[2massets/[22m[36mHero.stories-e97fa882.js                [39m[1m[2m 20.22 kB[22m[1m[22m[2m │ gzip:   3.70 kB[22m
[2m../../../AppData/Local/Temp/chromatic--42104-06iSvBpUJ64t/[22m[2massets/[22m[36miframe-6fb13386.js                      [39m[1m[2m 26.00 kB[22m[1m[22m[2m │ gzip:   3.99 kB[22m
[2m../../../AppData/Local/Temp/chromatic--42104-06iSvBpUJ64t/[22m[2massets/[22m[36mForm.stories-6167fa84.js                [39m[1m[2m 28.15 kB[22m[1m[22m[2m │ gzip:   5.04 kB[22m
[2m../../../AppData/Local/Temp/chromatic--42104-06iSvBpUJ64t/[22m[2massets/[22m[36mColor-RQJUDNI5-9816691f.js              [39m[1m[2m 31.04 kB[22m[1m[22m[2m │ gzip:  11.63 kB[22m
[2m../../../AppData/Local/Temp/chromatic--42104-06iSvBpUJ64t/[22m[2massets/[22m[36mCHANGELOG-642a50a6.js                   [39m[1m[2m 32.11 kB[22m[1m[22m[2m │ gzip:   7.99 kB[22m
[2m../../../AppData/Local/Temp/chromatic--42104-06iSvBpUJ64t/[22m[2massets/[22m[36mCarousel-604fb2b4.js                    [39m[1m[2m 36.74 kB[22m[1m[22m[2m │ gzip:  15.82 kB[22m
[2m../../../AppData/Local/Temp/chromatic--42104-06iSvBpUJ64t/[22m[2massets/[22m[36mindex-41f861c7.js                       [39m[1m[2m 61.10 kB[22m[1m[22m[2m │ gzip:  16.21 kB[22m
[2m../../../AppData/Local/Temp/chromatic--42104-06iSvBpUJ64t/[22m[2massets/[22m[36mDataTable.stories-2b72084e.js           [39m[1m[2m 66.56 kB[22m[1m[22m[2m │ gzip:  17.59 kB[22m
[2m../../../AppData/Local/Temp/chromatic--42104-06iSvBpUJ64t/[22m[2massets/[22m[36mindex-be979f4d.js                       [39m[1m[2m124.43 kB[22m[1m[22m[2m │ gzip:  40.26 kB[22m
[2m../../../AppData/Local/Temp/chromatic--42104-06iSvBpUJ64t/[22m[2massets/[22m[36mModal.stories-e3bf2c40.js               [39m[1m[2m128.88 kB[22m[1m[22m[2m │ gzip:  38.49 kB[22m
[2m../../../AppData/Local/Temp/chromatic--42104-06iSvBpUJ64t/[22m[2massets/[22m[36mformatter-B5HCVTEV-6ab9f591.js          [39m[1m[2m210.90 kB[22m[1m[22m[2m │ gzip:  70.38 kB[22m
[2m../../../AppData/Local/Temp/chromatic--42104-06iSvBpUJ64t/[22m[2massets/[22m[36mentry-preview-docs-c6096a30.js          [39m[1m[2m213.50 kB[22m[1m[22m[2m │ gzip:  66.33 kB[22m
[2m../../../AppData/Local/Temp/chromatic--42104-06iSvBpUJ64t/[22m[2massets/[22m[36mForm-bd3f66cf.js                        [39m[1m[2m465.78 kB[22m[1m[22m[2m │ gzip: 147.51 kB[22m
[2m../../../AppData/Local/Temp/chromatic--42104-06iSvBpUJ64t/[22m[2massets/[22m[36maxe-c3a52cc5.js                         [39m[1m[2m477.14 kB[22m[1m[22m[2m │ gzip: 125.70 kB[22m
[2m../../../AppData/Local/Temp/chromatic--42104-06iSvBpUJ64t/[22m[2massets/[22m[36mindex-7b36d347.js                       [39m[1m[33m581.58 kB[39m[22m[2m │ gzip: 173.64 kB[22m
info => Preview built (42 s)
info => Output directory: C:\Users\rdpol\AppData\Local\Temp\chromatic--42104-06iSvBpUJ64t
